2021-05-06 09:22:36 - Bootstrapping Spring Data repositories in DEFAULT mode.
2021-05-06 09:22:36 - Finished Spring Data repository scanning in 89ms. Found 0 repository interfaces.
2021-05-06 09:22:38 - Bean 'org.springframework.transaction.annotation.ProxyTransactionManagementConfiguration' of type [org.springframework.transaction.annotation.ProxyTransactionManagementConfiguration] is not eligible for getting processed by all BeanPostProcessors (for example: not eligible for auto-proxying)
2021-05-06 09:22:39 - Tomcat initialized with port(s): 8080 (http)
2021-05-06 09:22:39 - Starting service [Tomcat]
2021-05-06 09:22:39 - Starting Servlet engine: [Apache Tomcat/9.0.27]
2021-05-06 09:22:39 - Initializing Spring embedded WebApplicationContext
2021-05-06 09:22:39 - Root WebApplicationContext: initialization completed in 6069 ms
2021-05-06 09:22:39 - HikariPool-1 - Starting...
2021-05-06 09:22:40 - HikariPool-1 - Start completed.
2021-05-06 09:22:40 - H2 console available at '/h2-console'. Database available at 'jdbc:h2:mem:testdb'
2021-05-06 09:22:40 - HHH000204: Processing PersistenceUnitInfo [name: default]
2021-05-06 09:22:41 - HHH000412: Hibernate Core {5.4.6.Final}
2021-05-06 09:22:41 - HCANN000001: Hibernate Commons Annotations {5.1.0.Final}
2021-05-06 09:22:42 - HHH000400: Using dialect: org.hibernate.dialect.H2Dialect
2021-05-06 09:22:47 - HHH000490: Using JtaPlatform implementation: [org.hibernate.engine.transaction.jta.platform.internal.NoJtaPlatform]
2021-05-06 09:22:47 - Initialized JPA EntityManagerFactory for persistence unit 'default'
2021-05-06 09:22:51 - spring.jpa.open-in-view is enabled by default. Therefore, database queries may be performed during view rendering. Explicitly configure spring.jpa.open-in-view to disable this warning
2021-05-06 09:22:52 - Mapped URL path [/v2/api-docs] onto method [springfox.documentation.swagger2.web.Swagger2Controller#getDocumentation(String, HttpServletRequest)]
2021-05-06 09:22:52 - Initializing ExecutorService 'applicationTaskExecutor'
2021-05-06 09:22:53 - Context refreshed
2021-05-06 09:22:53 - Found 1 custom documentation plugin(s)
2021-05-06 09:22:53 - Scanning for api listing references
2021-05-06 09:22:54 - Tomcat started on port(s): 8080 (http) with context path ''
2021-05-06 09:23:00 - Initializing Spring DispatcherServlet 'dispatcherServlet'
2021-05-06 09:23:00 - Initializing Servlet 'dispatcherServlet'
2021-05-06 09:23:00 - Completed initialization in 22 ms
